[2026-04-05T06:42:54.271Z] [INFO] GET /api/v1/users?showDeleted=true 200 - 540ms
[2026-04-05T06:43:14.716Z] [INFO] GET /api/v1/users 200 - 118ms
[2026-04-05T06:45:23.022Z] [INFO] GET /api/v1/users?includeDeleted=true 200 - 172ms
[2026-04-05T06:51:55.733Z] [INFO] GET /api/v1/users/245d1d97-fa2b-4aae-bcd2-93f57426fae6 404 - 498ms
[2026-04-05T06:54:22.164Z] [INFO] POST /api/v1/users 201 - 372ms
[2026-04-05T06:56:21.294Z] [INFO] POST /api/v1/users 403 - 105ms
[2026-04-05T06:56:31.963Z] [INFO] POST /api/v1/users 201 - 160ms
[2026-04-05T06:57:29.376Z] [INFO] POST /api/v1/users 409 - 596ms
[2026-04-05T06:57:33.979Z] [INFO] POST /api/v1/users 201 - 224ms
[2026-04-05T06:58:31.148Z] [INFO] DELETE /api/v1/users/37b897bd-19c8-4ea7-9c4f-518f77d8344a 403 - 1ms
[2026-04-05T06:58:47.382Z] [INFO] DELETE /api/v1/users/37b897bd-19c8-4ea7-9c4f-518f77d8344a 200 - 409ms
[2026-04-05T07:01:07.260Z] [INFO] GET /api/v1/users/37b897bd-19c8-4ea7-9c4f-518f77d8344a 404 - 180ms
[2026-04-05T07:01:36.830Z] [INFO] GET /api/v1/users/37b897bd-19c8-4ea7-9c4f-518f77d8344a 404 - 124ms
[2026-04-05T07:01:51.212Z] [INFO] GET /api/v1/users/a90e4c76-81a2-4964-ab37-02abc14cbb9f 200 - 139ms
[2026-04-05T07:01:59.317Z] [INFO] GET /api/v1/users?includeDeleted=true 200 - 452ms
[2026-04-05T07:02:06.319Z] [INFO] GET /api/v1/health 200 - 0ms
[2026-04-05T07:04:50.573Z] [INFO] PATCH /api/v1/users/a90e4c76-81a2-4964-ab37-02abc14cbb9f 200 - 353ms
[2026-04-05T07:05:52.181Z] [INFO] POST /api/v1/users 201 - 350ms
[2026-04-05T07:06:31.280Z] [INFO] POST /api/v1/users 201 - 200ms
[2026-04-05T07:06:57.181Z] [INFO] GET /api/v1/users?includeDeleted=true 200 - 443ms
[2026-04-05T07:07:12.235Z] [INFO] GET /api/v1/users?includeDeleted=true&role=admin 400 - 2ms
[2026-04-05T07:07:21.001Z] [INFO] GET /api/v1/users?includeDeleted=true&role=ADMIN 200 - 464ms
[2026-04-05T07:35:11.555Z] [INFO] POST /api/v1/users 409 - 318ms
[2026-04-05T07:35:13.902Z] [INFO] POST /api/v1/users 409 - 105ms
[2026-04-05T07:35:57.631Z] [INFO] POST /api/v1/users 201 - 270ms
[2026-04-05T07:36:07.057Z] [INFO] POST /api/v1/users 403 - 1ms
[2026-04-05T07:36:23.619Z] [INFO] GET /api/v1/users?includeDeleted=true&role=ADMIN 200 - 496ms
